  Brick.cpp
C:\Program Files (x86)\Microsoft Visual Studio\2019\Enterprise\VC\Tools\MSVC\14.28.29910\include\memory(3579,1): warning C4267: 'argument': conversion from 'size_t' to 'int', possible loss of data
D:\TU Programming\Sixth semester\Computer graphic\Course Project\Breakout\Breakout\models\Mesh.h(107): message : see reference to function template instantiation 'std::unique_ptr<VertexBuffer,std::default_delete<VertexBuffer>> std::make_unique<VertexBuffer,_Ty*,unsigned __int64,0>(_Ty *&&,unsigned __int64 &&)' being compiled
          with
          [
              _Ty=Vertex
          ]
  Ball.cpp
C:\Program Files (x86)\Microsoft Visual Studio\2019\Enterprise\VC\Tools\MSVC\14.28.29910\include\memory(3579,1): warning C4267: 'argument': conversion from 'size_t' to 'int', possible loss of data
D:\TU Programming\Sixth semester\Computer graphic\Course Project\Breakout\Breakout\models\Mesh.h(107): message : see reference to function template instantiation 'std::unique_ptr<VertexBuffer,std::default_delete<VertexBuffer>> std::make_unique<VertexBuffer,_Ty*,unsigned __int64,0>(_Ty *&&,unsigned __int64 &&)' being compiled
          with
          [
              _Ty=Vertex
          ]
  Player.cpp
C:\Program Files (x86)\Microsoft Visual Studio\2019\Enterprise\VC\Tools\MSVC\14.28.29910\include\memory(3579,1): warning C4267: 'argument': conversion from 'size_t' to 'int', possible loss of data
D:\TU Programming\Sixth semester\Computer graphic\Course Project\Breakout\Breakout\models\Mesh.h(107): message : see reference to function template instantiation 'std::unique_ptr<VertexBuffer,std::default_delete<VertexBuffer>> std::make_unique<VertexBuffer,_Ty*,unsigned __int64,0>(_Ty *&&,unsigned __int64 &&)' being compiled
          with
          [
              _Ty=Vertex
          ]
  Generating Code...
  Breakout.vcxproj -> D:\TU Programming\Sixth semester\Computer graphic\Course Project\Breakout\x64\Debug\Breakout.exe
